<?xml version="1.0" encoding="UTF-8"?>
<!-- Generated by org.testng.reporters.JUnitReportReporter -->
<testsuite hostname="CP-PC" name="com.gojek.Test.BookRoundTrip" tests="1" failures="0" timestamp="19 Dec 2016 19:08:53 GMT" time="27.561" errors="0">
  <testcase name="RoundTrip" time="27.561" classname="com.gojek.Test.BookRoundTrip"/>
</testsuite> <!-- com.gojek.Test.BookRoundTrip -->
