<?xml version="1.0" encoding="UTF-8"?>
<!-- Generated by org.testng.reporters.JUnitReportReporter -->
<testsuite hostname="CP-PC" name="com.gojek.Test.BookRoundTrip" tests="1" failures="0" timestamp="19 Dec 2016 17:33:19 GMT" time="9.868" errors="0">
  <testcase name="RoundTrip" time="9.868" classname="com.gojek.Test.BookRoundTrip"/>
</testsuite> <!-- com.gojek.Test.BookRoundTrip -->
